<?xml version="1.0" encoding="UTF-8"?>
<testng-results ignored="0" total="1" passed="1" failed="0" skipped="0">
  <reporter-output>
  </reporter-output>
  <suite started-at="2023-10-27T17:02:50 IST" name="Default suite" finished-at="2023-10-27T17:03:39 IST" duration-ms="48661">
    <groups>
    </groups>
    <test started-at="2023-10-27T17:02:50 IST" name="Default test" finished-at="2023-10-27T17:03:39 IST" duration-ms="48661">
      <class name="test.Logintest">
        <test-method is-config="true" signature="setup()[pri:0, instance:test.Logintest@6aeb35e6]" started-at="2023-10-27T17:02:50 IST" name="setup" finished-at="2023-10-27T17:02:52 IST" duration-ms="1665" status="PASS">
          <reporter-output>
          </reporter-output>
        </test-method> <!-- setup -->
        <test-method is-config="true" signature="urlload()[pri:0, instance:test.Logintest@6aeb35e6]" started-at="2023-10-27T17:02:52 IST" name="urlload" finished-at="2023-10-27T17:02:55 IST" duration-ms="3449" status="PASS">
          <reporter-output>
          </reporter-output>
        </test-method> <!-- urlload -->
        <test-method signature="testlogin()[pri:0, instance:test.Logintest@6aeb35e6]" started-at="2023-10-27T17:02:55 IST" name="testlogin" finished-at="2023-10-27T17:03:39 IST" duration-ms="43473" status="PASS">
          <reporter-output>
          </reporter-output>
        </test-method> <!-- testlogin -->
      </class> <!-- test.Logintest -->
    </test> <!-- Default test -->
  </suite> <!-- Default suite -->
</testng-results>
